# Reading pref.tcl
# do run.do
# INFO: Simulation library postsynth already exists
# Model Technology ModelSim Microsemi Pro vmap 2022.2 Lib Mapping Utility 2022.04 Apr 26 2022
# vmap postsynth postsynth 
# Modifying modelsim.ini
# Model Technology ModelSim Microsemi Pro vmap 2022.2 Lib Mapping Utility 2022.04 Apr 26 2022
# vmap SmartFusion2 C:/Microchip/Libero_SoC_v2022.2/Designer/lib/modelsimpro/precompiled/vlog/SmartFusion2 
# Modifying modelsim.ini
# Model Technology ModelSim Microsemi Pro vcom 2022.2 Compiler 2022.04 Apr 26 2022
# Start time: 15:40:36 on Dec 05,2022
# vcom -reportprogress 300 -2008 -explicit -work postsynth C:/Users/Constantin/Documents/VHDLSoundchip/synthesis/soundchip.vhd 
# -- Loading package STANDARD
# -- Loading package TEXTIO
# -- Loading package std_logic_1164
# -- Compiling entity delta_adder_0
# -- Compiling architecture DEF_ARCH of delta_adder_0
# -- Compiling entity sigma_adder_0
# -- Compiling architecture DEF_ARCH of sigma_adder_0
# -- Compiling entity dac_0
# -- Compiling architecture DEF_ARCH of dac_0
# -- Loading entity delta_adder_0
# -- Loading entity sigma_adder_0
# -- Compiling entity OSC_C0_OSC_C0_0_OSC
# -- Compiling architecture DEF_ARCH of OSC_C0_OSC_C0_0_OSC
# -- Compiling entity OSC_C0
# -- Compiling architecture DEF_ARCH of OSC_C0
# -- Loading entity OSC_C0_OSC_C0_0_OSC
# -- Compiling entity delta_adder
# -- Compiling architecture DEF_ARCH of delta_adder
# -- Compiling entity sigma_adder
# -- Compiling architecture DEF_ARCH of sigma_adder
# -- Compiling entity dac
# -- Compiling architecture DEF_ARCH of dac
# -- Loading entity delta_adder
# -- Loading entity sigma_adder
# -- Compiling entity FCCC_C0_FCCC_C0_0_FCCC
# -- Compiling architecture DEF_ARCH of FCCC_C0_FCCC_C0_0_FCCC
# -- Compiling entity FCCC_C0
# -- Compiling architecture DEF_ARCH of FCCC_C0
# -- Loading entity FCCC_C0_FCCC_C0_0_FCCC
# -- Compiling entity data_receiver
# -- Compiling architecture DEF_ARCH of data_receiver
# -- Compiling entity spi_slave
# -- Compiling architecture DEF_ARCH of spi_slave
# -- Compiling entity soundchip
# -- Compiling architecture DEF_ARCH of soundchip
# -- Loading entity dac_0
# -- Loading entity OSC_C0
# -- Loading entity dac
# -- Loading entity FCCC_C0
# -- Loading entity data_receiver
# -- Loading entity spi_slave
# End time: 15:40:36 on Dec 05,2022, Elapsed time: 0:00:00
# Errors: 0, Warnings: 0
# Model Technology ModelSim Microsemi Pro vcom 2022.2 Compiler 2022.04 Apr 26 2022
# Start time: 15:40:36 on Dec 05,2022
# vcom -reportprogress 300 -2008 -explicit -work postsynth C:/Users/Constantin/Documents/VHDLSoundchip/stimulus/soundchip_tb.vhd 
# -- Loading package STANDARD
# -- Loading package TEXTIO
# -- Loading package std_logic_1164
# -- Loading package std_logic_arith
# -- Loading package STD_LOGIC_UNSIGNED
# -- Loading package MATH_REAL
# -- Compiling entity soundchip_tb
# -- Compiling architecture behavioral of soundchip_tb
# End time: 15:40:36 on Dec 05,2022, Elapsed time: 0:00:00
# Errors: 0, Warnings: 0
# vsim -L SmartFusion2 -L postsynth -t 1fs postsynth.soundchip_tb 
# Start time: 15:40:36 on Dec 05,2022
# //  ModelSim Microsemi Pro 2022.2 Apr 26 2022
# //
# //  Copyright 1991-2022 Mentor Graphics Corporation
# //  All Rights Reserved.
# //
# //  ModelSim Microsemi Pro and its associated documentation contain trade
# //  secrets and commercial or financial information that are the property of
# //  Mentor Graphics Corporation and are privileged, confidential,
# //  and exempt from disclosure under the Freedom of Information Act,
# //  5 U.S.C. Section 552. Furthermore, this information
# //  is prohibited from disclosure under the Trade Secrets Act,
# //  18 U.S.C. Section 1905.
# //
# Loading std.standard
# Loading std.textio(body)
# Loading ieee.std_logic_1164(body)
# Loading ieee.std_logic_arith(body)
# Loading ieee.std_logic_unsigned(body)
# Loading ieee.math_real(body)
# Loading postsynth.soundchip_tb(behavioral)
# Loading postsynth.soundchip(def_arch)
# Loading SmartFusion2.GND
# Loading SmartFusion2.OUTBUF
# Loading SmartFusion2.AND2
# Loading SmartFusion2.CFG2
# Loading SmartFusion2.VCC
# Loading SmartFusion2.SYSRESET
# Loading postsynth.dac_0(def_arch)
# Loading postsynth.delta_adder_0(def_arch)
# Loading SmartFusion2.SLE
# Loading SmartFusion2.SLE_Prim
# Loading postsynth.sigma_adder_0(def_arch)
# Loading SmartFusion2.ARI1
# Loading SmartFusion2.INBUF
# Loading postsynth.osc_c0(def_arch)
# Loading postsynth.osc_c0_osc_c0_0_osc(def_arch)
# Loading SmartFusion2.RCOSC_25_50MHZ
# Loading SmartFusion2.CLKINT
# Loading postsynth.dac(def_arch)
# Loading postsynth.delta_adder(def_arch)
# Loading postsynth.sigma_adder(def_arch)
# Loading postsynth.fccc_c0(def_arch)
# Loading postsynth.fccc_c0_fccc_c0_0_fccc(def_arch)
# Loading SmartFusion2.CCC
# Loading SmartFusion2.CCC_PLL
# Loading SmartFusion2.ABISCB82
# Loading SmartFusion2.ABI_PLL_FRONT
# Loading SmartFusion2.refstop
# Loading SmartFusion2.Divide_2
# Loading SmartFusion2.ABI_PHASE
# Loading SmartFusion2.CCC_FB_DELAY
# Loading SmartFusion2.CCC_DELAY
# Loading SmartFusion2.CCC_RF_DELAY
# Loading SmartFusion2.CCC_RF_DIV
# Loading SmartFusion2.Freq_Divider
# Loading SmartFusion2.Even_Divider
# Loading SmartFusion2.Odd_Divider
# Loading SmartFusion2.CCC_FB_DIV
# Loading SmartFusion2.CCC_RF_MUX
# Loading SmartFusion2.CCC_FB_MUX
# Loading SmartFusion2.CCC_GPD0
# Loading SmartFusion2.CCC_GPD
# Loading SmartFusion2.CCC_GPD1
# Loading SmartFusion2.CCC_GPD2
# Loading SmartFusion2.CCC_GPD3
# Loading SmartFusion2.CCC_SYNCB_GEN
# Loading SmartFusion2.RSTN_SYNC
# Loading SmartFusion2.SYNCGEN_CNT14
# Loading SmartFusion2.CCC_GPD_MUX0
# Loading SmartFusion2.CCC_GPD_MUX
# Loading SmartFusion2.CCC_GPD_MUX1
# Loading SmartFusion2.CCC_GPD_MUX2
# Loading SmartFusion2.CCC_GPD_MUX3
# Loading SmartFusion2.CCC_NGMUX0
# Loading SmartFusion2.CCC_NGMUX
# Loading SmartFusion2.CCC_NGPREMUX
# Loading SmartFusion2.CCC_NGMUX1
# Loading SmartFusion2.CCC_NGMUX2
# Loading SmartFusion2.CCC_NGMUX3
# Loading SmartFusion2.CCC_CONFIG
# Loading SmartFusion2.CFG1
# Loading postsynth.data_receiver(def_arch)
# Loading postsynth.spi_slave(def_arch)
# Loading SmartFusion2.CFG4
# Loading SmartFusion2.CFG3
# Loading SmartFusion2.UDP_MUX2
# Loading SmartFusion2.UDP_DFF
# Loading SmartFusion2.UDP_DL
# ** Warning: (vsim-WLF-5000) WLF file currently in use: vsim.wlf
#           File in use by: Constantin  Hostname: DESKTOP-1NBCJI9  ProcessID: 22456
#           Attempting to use alternate WLF file "./wlftf7iakq".
# ** Warning: (vsim-WLF-5001) Could not open WLF file: vsim.wlf
#           Using alternate file: ./wlftf7iakq
run -all
# End time: 15:47:46 on Dec 05,2022, Elapsed time: 0:07:10
# Errors: 0, Warnings: 2
